Determining if the pthread_create exist failed with the following output:
Change Dir: /home/andre/finalkahypar/kahypar-1/tuning/CMakeFiles/CMakeTmp

Run Build Command:"/usr/bin/make" "cmTryCompileExec1413317561/fast"
/usr/bin/make -f CMakeFiles/cmTryCompileExec1413317561.dir/build.make CMakeFiles/cmTryCompileExec1413317561.dir/build
make[1]: Entering directory `/home/andre/finalkahypar/kahypar-1/tuning/CMakeFiles/CMakeTmp'
/software/cmake-3.0.1/bin/cmake -E cmake_progress_report /home/andre/finalkahypar/kahypar-1/tuning/CMakeFiles/CMakeTmp/CMakeFiles 1
Building C object CMakeFiles/cmTryCompileExec1413317561.dir/CheckSymbolExists.c.o
/software/gcc/7.1.0/bin/gcc    -o CMakeFiles/cmTryCompileExec1413317561.dir/CheckSymbolExists.c.o   -c /home/andre/finalkahypar/kahypar-1/tuning/CMakeFiles/CMakeTmp/CheckSymbolExists.c
Linking C executable cmTryCompileExec1413317561
/software/cmake-3.0.1/bin/cmake -E cmake_link_script CMakeFiles/cmTryCompileExec1413317561.dir/link.txt --verbose=1
/software/gcc/7.1.0/bin/gcc       CMakeFiles/cmTryCompileExec1413317561.dir/CheckSymbolExists.c.o  -o cmTryCompileExec1413317561 -rdynamic 
CMakeFiles/cmTryCompileExec1413317561.dir/CheckSymbolExists.c.o: In function `main':
CheckSymbolExists.c:(.text+0x16): undefined reference to `pthread_create'
collect2: error: ld returned 1 exit status
make[1]: *** [cmTryCompileExec1413317561] Error 1
make[1]: Leaving directory `/home/andre/finalkahypar/kahypar-1/tuning/CMakeFiles/CMakeTmp'
make: *** [cmTryCompileExec1413317561/fast] Error 2

File /home/andre/finalkahypar/kahypar-1/tuning/CMakeFiles/CMakeTmp/CheckSymbolExists.c:
/* */
#include <pthread.h>

int main(int argc, char** argv)
{
  (void)argv;
#ifndef pthread_create
  return ((int*)(&pthread_create))[argc];
#else
  (void)argc;
  return 0;
#endif
}

Determining if the function pthread_create exists in the pthreads failed with the following output:
Change Dir: /home/andre/finalkahypar/kahypar-1/tuning/CMakeFiles/CMakeTmp

Run Build Command:"/usr/bin/make" "cmTryCompileExec3106762766/fast"
/usr/bin/make -f CMakeFiles/cmTryCompileExec3106762766.dir/build.make CMakeFiles/cmTryCompileExec3106762766.dir/build
make[1]: Entering directory `/home/andre/finalkahypar/kahypar-1/tuning/CMakeFiles/CMakeTmp'
/software/cmake-3.0.1/bin/cmake -E cmake_progress_report /home/andre/finalkahypar/kahypar-1/tuning/CMakeFiles/CMakeTmp/CMakeFiles 1
Building C object CMakeFiles/cmTryCompileExec3106762766.dir/CheckFunctionExists.c.o
/software/gcc/7.1.0/bin/gcc   -DCHECK_FUNCTION_EXISTS=pthread_create   -o CMakeFiles/cmTryCompileExec3106762766.dir/CheckFunctionExists.c.o   -c /software/cmake-3.0.1/share/cmake-3.0/Modules/CheckFunctionExists.c
Linking C executable cmTryCompileExec3106762766
/software/cmake-3.0.1/bin/cmake -E cmake_link_script CMakeFiles/cmTryCompileExec3106762766.dir/link.txt --verbose=1
/software/gcc/7.1.0/bin/gcc   -DCHECK_FUNCTION_EXISTS=pthread_create    CMakeFiles/cmTryCompileExec3106762766.dir/CheckFunctionExists.c.o  -o cmTryCompileExec3106762766 -rdynamic -lpthreads 
/usr/bin/ld: cannot find -lpthreads
collect2: error: ld returned 1 exit status
make[1]: *** [cmTryCompileExec3106762766] Error 1
make[1]: Leaving directory `/home/andre/finalkahypar/kahypar-1/tuning/CMakeFiles/CMakeTmp'
make: *** [cmTryCompileExec3106762766/fast] Error 2


